LOG DE DATOS INSERTADOS - 2024-11-29 16:50:26.424546

ID: 1, Nombre: pepe, Apellido: pepe, psk: pepe, Email: pepe@pepe.pepe, Telefono: 123456789, Rol: admin

ID: 1, Nombre: Michelle, Apellido: Santiago, psk: #e)E7yWiwz, Email: vincentlee@example.net, Telefono: +1-725-517-9189x419, Rol: user
ID: 2, Nombre: Alexa, Apellido: Marshall, psk: !$OUUNFaR3, Email: janebenjamin@example.org, Telefono: 001-963-332-1140, Rol: librarian
ID: 3, Nombre: David, Apellido: Martinez, psk: Zdj9YJRuZ(, Email: popekeith@example.com, Telefono: (358)333-2678x7545, Rol: librarian
ID: 4, Nombre: Jennifer, Apellido: Simmons, psk: $MjUf)CoD3, Email: campbellrobert@example.org, Telefono: 903-447-9072x66970, Rol: user
ID: 5, Nombre: Laura, Apellido: West, psk: #d5NM5Gsw3, Email: hwillis@example.net, Telefono: 897-608-3776x771, Rol: librarian
ID: 6, Nombre: Danielle, Apellido: White, psk: +L8BELSh@3, Email: amberburgess@example.org, Telefono: (910)949-5792x5442, Rol: admin
ID: 7, Nombre: Eric, Apellido: Johnson, psk: +7l4UPBwHG, Email: waynerice@example.com, Telefono: 001-295-653-9628, Rol: librarian
ID: 8, Nombre: Jacob, Apellido: Hickman, psk: fy2^QUlE%T, Email: tina52@example.org, Telefono: (753)833-0617, Rol: admin
ID: 9, Nombre: Heather, Apellido: Smith, psk: $1(oJc6zW#, Email: cbyrd@example.net, Telefono: (560)813-9209x1562, Rol: librarian
ID: 10, Nombre: Timothy, Apellido: Gomez, psk: _2Q0^xjsDm, Email: williammcbride@example.org, Telefono: 646.369.0648, Rol: user
ID: 11, Nombre: Brandon, Apellido: Kelly, psk: q^KB5tQqQm, Email: tbarnes@example.net, Telefono: 270-974-6734x16451, Rol: admin
ID: 12, Nombre: Patricia, Apellido: Ramirez, psk: 5+n5z4UCUz, Email: hrodriguez@example.com, Telefono: (308)440-0259, Rol: user
ID: 13, Nombre: Timothy, Apellido: Matthews, psk: %8sQ+QTb7O, Email: jjuarez@example.net, Telefono: (989)669-6895x9589, Rol: user
ID: 14, Nombre: Danny, Apellido: Walker, psk: !7$k#5L1w#, Email: matthewgarcia@example.net, Telefono: 501-260-0597x2632, Rol: user
ID: 15, Nombre: Tanner, Apellido: York, psk: w(7Jg+VmLa, Email: ipitts@example.org, Telefono: (339)587-4285x8912, Rol: librarian
ID: 16, Nombre: Amanda, Apellido: Scott, psk: hE3UEmUvI@, Email: courtney28@example.org, Telefono: (306)201-8428x7875, Rol: user
ID: 17, Nombre: Alyssa, Apellido: Russell, psk: l6I9z@OK!X, Email: hoffmanalexa@example.com, Telefono: 2209242522, Rol: admin
ID: 18, Nombre: Andrea, Apellido: Hess, psk: h^hk4bLnIB, Email: fpratt@example.net, Telefono: +1-351-633-1945x5100, Rol: librarian
ID: 19, Nombre: Daniel, Apellido: Smith, psk: RLc@9i4d^$, Email: solomonlindsey@example.org, Telefono: 001-970-581-7078x374, Rol: admin
ID: 20, Nombre: Brittany, Apellido: Williams, psk: +qN0Ba!QWR, Email: johnsonpatrick@example.net, Telefono: 353.823.9061x944, Rol: admin
ID: 21, Nombre: James, Apellido: Wilson, psk: I#Y21HQnLj, Email: michael27@example.com, Telefono: (400)971-1510x8158, Rol: librarian
ID: 22, Nombre: Austin, Apellido: Escobar, psk: m#7ZWrEgfM, Email: erikwilson@example.com, Telefono: +1-264-755-0412x79153, Rol: admin
ID: 23, Nombre: Russell, Apellido: Bennett, psk: lM9ycR2z$U, Email: lynchcatherine@example.org, Telefono: (318)686-0119x11232, Rol: admin
ID: 24, Nombre: Elijah, Apellido: Huff, psk: )!5Y7ObVGq, Email: smithsteven@example.com, Telefono: +1-778-984-4514x212, Rol: librarian
ID: 25, Nombre: Harold, Apellido: Costa, psk: &3ecKV2wEK, Email: gordonmichelle@example.net, Telefono: 001-925-454-0535x3261, Rol: user
ID: 26, Nombre: Amy, Apellido: Miles, psk: MK%3URdsAN, Email: mortonjacob@example.net, Telefono: 207-302-9282x307, Rol: admin
ID: 27, Nombre: Amanda, Apellido: York, psk: ($E7G#wa^i, Email: adam18@example.org, Telefono: 817-721-7269, Rol: admin
ID: 28, Nombre: Deborah, Apellido: Odom, psk: Rq*8^Nru+x, Email: annamiranda@example.com, Telefono: 467.771.1719x99139, Rol: admin
ID: 29, Nombre: Michael, Apellido: Webb, psk: 92r5GtDpD%, Email: tcochran@example.com, Telefono: 734-694-8468, Rol: admin
ID: 30, Nombre: Tony, Apellido: Hall, psk: $L6QCeYQkw, Email: angela07@example.net, Telefono: 686-496-5388, Rol: admin

